0 info it worked if it ends with ok
1 verbose cli [ 'node', '/usr/local/bin/npm', 'install' ]
2 info using npm@2.11.1
3 info using node@v0.12.0
4 verbose node symlink /usr/local/bin/node
5 verbose readDependencies loading dependencies from /Users/timvandijck1/Development/projects/tims-starterkit/package.json
6 error install Couldn't read dependencies
7 verbose stack Error: Invalid name: "Tim's Starterkit"
7 verbose stack     at ensureValidName (/usr/local/lib/node_modules/npm/node_modules/normalize-package-data/lib/fixer.js:326:15)
7 verbose stack     at Object.module.exports.fixNameField (/usr/local/lib/node_modules/npm/node_modules/normalize-package-data/lib/fixer.js:209:5)
7 verbose stack     at /usr/local/lib/node_modules/npm/node_modules/normalize-package-data/lib/normalize.js:32:38
7 verbose stack     at Array.forEach (native)
7 verbose stack     at normalize (/usr/local/lib/node_modules/npm/node_modules/normalize-package-data/lib/normalize.js:31:15)
7 verbose stack     at final (/usr/local/lib/node_modules/npm/node_modules/read-package-json/read-json.js:338:5)
7 verbose stack     at then (/usr/local/lib/node_modules/npm/node_modules/read-package-json/read-json.js:113:5)
7 verbose stack     at /usr/local/lib/node_modules/npm/node_modules/read-package-json/read-json.js:300:12
7 verbose stack     at evalmachine.<anonymous>:336:14
7 verbose stack     at /usr/local/lib/node_modules/npm/node_modules/graceful-fs/graceful-fs.js:102:5
8 verbose cwd /Users/timvandijck1/Development/projects/tims-starterkit
9 error Darwin 15.2.0
10 error argv "node" "/usr/local/bin/npm" "install"
11 error node v0.12.0
12 error npm  v2.11.1
13 error Invalid name: "Tim's Starterkit"
14 error If you need help, you may report this error at:
14 error     <https://github.com/npm/npm/issues>
15 verbose exit [ 1, true ]
